Received Kill command
Puppeteer error while rendering "[33m/posts/scully-and-angular-universal-comparing-benchmarks[39m"
TimeoutError: Navigation timeout of 30000 ms exceeded
 we will retry rendering this page up to 3 times.
Puppeteer error while rendering "[33m/posts/lessons-learned-on-offline-capabilities-with-service-workers-using-workbox-the-sequel[39m"
TimeoutError: Navigation timeout of 30000 ms exceeded
 we will retry rendering this page up to 3 times.
Puppeteer error while rendering "[33m/posts/lessons-learned-on-offline-capabilities-with-service-workers-using-workbox[39m"
TimeoutError: Navigation timeout of 30000 ms exceeded
 we will retry rendering this page up to 3 times.
Puppeteer error while rendering "[33m/posts/outputting-json-ld-with-angular-universal[39m"
TimeoutError: Navigation timeout of 30000 ms exceeded
 we will retry rendering this page up to 3 times.
Puppeteer error while rendering "[33m/posts/better-sharing-on-social-media-platforms-with-angular-universal[39m"
TimeoutError: Navigation timeout of 30000 ms exceeded
 we will retry rendering this page up to 3 times.
Puppeteer error while rendering "[33m/posts/creating-a-simple-memory-cache-for-your-angular-universal-website-or-application[39m"
TimeoutError: Navigation timeout of 30000 ms exceeded
 we will retry rendering this page up to 3 times.
Puppeteer error while rendering "[33m/posts/selecting-subtitles-in-vimeo-using-javascript[39m"
TimeoutError: Navigation timeout of 30000 ms exceeded
 we will retry rendering this page up to 3 times.
Puppeteer error while rendering "[33m/posts/scroll-to-top-on-angular-router-navigation[39m"
TimeoutError: Navigation timeout of 30000 ms exceeded
 we will retry rendering this page up to 3 times.Puppeteer error while rendering "[33m/posts/whats-with-the-subjects-in-rxjs5[39m"
TimeoutError: Navigation timeout of 30000 ms exceeded
 we will retry rendering this page up to 3 times.

Puppeteer error while rendering "[33m/posts/scully-and-angular-universal-comparing-benchmarks[39m"
TimeoutError: Navigation timeout of 30000 ms exceeded
 we will retry rendering this page up to 3 times.
Received Kill command
Received Kill command
Received Kill command
Received Kill command
Received Kill command
Received Kill command
Received Kill command
Received Kill command
Received Kill command
Received Kill command
Received Kill command
Received Kill command
Received Kill command
Received Kill command
Received Kill command
Received Kill command
Received Kill command
Received Kill command
